<?xml version="1.0" encoding="UTF-8"?>
<testsuite name="classworkVersion.LoginTests" tests="8" skipped="0" failures="0" errors="0" timestamp="2023-10-20T13:45:53" hostname="ANNA" time="37.517">
  <properties/>
  <testcase name="loginNegativeTestWrongEmail" classname="classworkVersion.LoginTests" time="0.54"/>
  <testcase name="loginNegativeTestWrongEmail1" classname="classworkVersion.LoginTests" time="0.991"/>
  <testcase name="loginNegativeTestWrongEmailTwoA" classname="classworkVersion.LoginTests" time="0.538"/>
  <testcase name="loginNegativeTestWrongPassword" classname="classworkVersion.LoginTests" time="0.913"/>
  <testcase name="loginNegativeTestWrongPassword1" classname="classworkVersion.LoginTests" time="0.905"/>
  <testcase name="loginNegativeTestWrongPassword2" classname="classworkVersion.LoginTests" time="0.997"/>
  <testcase name="loginNegativeTestWrongPassword3" classname="classworkVersion.LoginTests" time="1.053"/>
  <testcase name="loginPositiveTestModel" classname="classworkVersion.LoginTests" time="0.886"/>
  <system-out><![CDATA[]]></system-out>
  <system-err><![CDATA[]]></system-err>
</testsuite>
