<?xml version="1.0" encoding="UTF-8"?>
<testsuite name="classworkVersion.AddNewCarTests" tests="1" skipped="0" failures="0" errors="0" timestamp="2023-10-20T13:45:36" hostname="ANNA" time="16.049">
  <properties/>
  <testcase name="addNewCarPositive" classname="classworkVersion.AddNewCarTests" time="16.049"/>
  <system-out><![CDATA[]]></system-out>
  <system-err><![CDATA[]]></system-err>
</testsuite>
