<?xml version="1.0" encoding="UTF-8"?>
<testsuite name="classworkVersion.RegistrationTests" tests="15" skipped="0" failures="0" errors="0" timestamp="2023-10-20T16:34:12" hostname="ANNA" time="240.465">
  <properties/>
  <testcase name="registrationNegativeUserAlreadyExists" classname="classworkVersion.RegistrationTests" time="11.073"/>
  <testcase name="registrationNegativeWrongEmail" classname="classworkVersion.RegistrationTests" time="10.899"/>
  <testcase name="registrationNegativeWrongEmailNoDot" classname="classworkVersion.RegistrationTests" time="10.952"/>
  <testcase name="registrationNegativeWrongEmailNul" classname="classworkVersion.RegistrationTests" time="11.047"/>
  <testcase name="registrationNegativeWrongEmailTwo" classname="classworkVersion.RegistrationTests" time="10.898"/>
  <testcase name="registrationNegativeWrongLastName" classname="classworkVersion.RegistrationTests" time="10.965"/>
  <testcase name="registrationNegativeWrongLastNameNul" classname="classworkVersion.RegistrationTests" time="10.982"/>
  <testcase name="registrationNegativeWrongName" classname="classworkVersion.RegistrationTests" time="10.929"/>
  <testcase name="registrationNegativeWrongNameNul" classname="classworkVersion.RegistrationTests" time="10.98"/>
  <testcase name="registrationNegativeWrongPassword" classname="classworkVersion.RegistrationTests" time="10.888"/>
  <testcase name="registrationNegativeWrongPasswordLessThanEight" classname="classworkVersion.RegistrationTests" time="11.034"/>
  <testcase name="registrationNegativeWrongPasswordNul" classname="classworkVersion.RegistrationTests" time="10.862"/>
  <testcase name="registrationNegativeWrongPasswordSpace" classname="classworkVersion.RegistrationTests" time="11.143"/>
  <testcase name="registrationNegativeWrongPasswordWithoutSpecialSymbol" classname="classworkVersion.RegistrationTests" time="10.931"/>
  <testcase name="registrationPositive" classname="classworkVersion.RegistrationTests" time="5.858"/>
  <system-out><![CDATA[]]></system-out>
  <system-err><![CDATA[]]></system-err>
</testsuite>
